{
  "RSpec": {
    "coverage": {
      "/Users/johnkyeremeh/Flatiron/code/tic-tac-toe-rb/lib/tic_tac_toe.rb": [
        null,
        null,
        1,
        null,
        null,
        null,
        null,
        null,
        null,
        null,
        null,
        null,
        null,
        null,
        1,
        23,
        23,
        23,
        23,
        23,
        null,
        null,
        null,
        null,
        1,
        22,
        null,
        null,
        null,
        1,
        21,
        null,
        null,
        null,
        1,
        189,
        null,
        null,
        null,
        null,
        null,
        null,
        null,
        null,
        null,
        null,
        null,
        1,
        22,
        19,
        null,
        3,
        null,
        null,
        null,
        null,
        1,
        200,
        null,
        null,
        null,
        1,
        null,
        19,
        null,
        null,
        null,
        null,
        null,
        null,
        null,
        null,
        1,
        19,
        19,
        19,
        19,
        18,
        18,
        null,
        1,
        null,
        null,
        null,
        null,
        null,
        null,
        null,
        1,
        66,
        438,
        438,
        438,
        null,
        438,
        438,
        438,
        null,
        438,
        23,
        null,
        null,
        43,
        null,
        null,
        null,
        1,
        272,
        null,
        null,
        1,
        43,
        null,
        null,
        1,
        20,
        null,
        null,
        1,
        7,
        6,
        6,
        null,
        null,
        null,
        null,
        null,
        null,
        null,
        null,
        null,
        null,
        null,
        null,
        null,
        1,
        12,
        16,
        null,
        null,
        12,
        5,
        null,
        null,
        12,
        3,
        null,
        null
      ]
    },
    "timestamp": 1629319291
  }
}
